This is pdfTeX, Version 3.1415926-2.4-1.40.13 (TeX Live 2012/Debian) (format=latex 2012.12.1)  20 DEC 2012 14:36
entering extended mode
 restricted \write18 enabled.
 %&-line parsing enabled.
**\AtBeginDocument{\RequirePackage{pst-pdf}} \input{fig1.ps}
(./fig1.ps

! LaTeX Error: Missing \begin{document}.

See the LaTeX manual or LaTeX Companion for explanation.
Type  H <return>  for immediate help.
 ...                                              
                                                  
l.24 /
      XCIRCsave save def
? 
! Emergency stop.
 ...                                              
                                                  
l.24 /
      XCIRCsave save def
You're in trouble here.  Try typing  <return>  to proceed.
If that doesn't work, type  X <return>  to quit.

 
Here is how much of TeX's memory you used:
 7 strings out of 495060
 255 string characters out of 3182053
 45057 words of memory out of 3000000
 3288 multiletter control sequences out of 15000+200000
 3640 words of font info for 14 fonts, out of 3000000 for 9000
 14 hyphenation exceptions out of 8191
 6i,0n,4p,131b,14s stack positions out of 5000i,500n,10000p,200000b,50000s
No pages of output.
